# JRE version: OpenJDK Runtime Environment (21.0.1+12) (build 21.0.1+12-29)
# Java VM: OpenJDK 64-Bit Server VM (21.0.1+12-29, mixed mode, sharing, tiered, compressed oops, compressed class ptrs, g1 gc, windows-amd64)
GC Precious Log:
 CardTable entry size: 512
 Card Set container configuration: InlinePtr #cards 5 size 8 Array Of Cards #cards 12 size 40 Howl #buckets 4 coarsen threshold 1843 Howl Bitmap #cards 512 size 80 coarsen threshold 460 Card regions per heap region 1 cards per card region 2048
 CPUs: 12 total, 12 available
 Memory: 16194M
 Large Page Support: Disabled
 NUMA Support: Disabled
 Compressed Oops: Enabled (32-bit)
 Heap Region Size: 1M
 Heap Min Capacity: 8M
 Heap Initial Capacity: 254M
 Heap Max Capacity: 512M
 Pre-touch: Disabled
 Parallel Workers: 10
 Concurrent Workers: 3
 Concurrent Refinement Workers: 10
 Periodic GC: Disabled
Heap:
 garbage-first heap   total 55296K, used 29916K [0x00000000e0000000, 0x0000000100000000)
  region size 1024K, 5 young (5120K), 3 survivors (3072K)
 Metaspace       used 65212K, committed 65920K, reserved 1114112K
  class space    used 9116K, committed 9408K, reserved 1048576K
GC Heap History (20 events):
Event: 1.390 GC heap before
{Heap before GC invocations=4 (full 0):
 garbage-first heap   total 55296K, used 42904K [0x00000000e0000000, 0x0000000100000000)
  region size 1024K, 33 young (33792K), 5 survivors (5120K)
 Metaspace       used 26331K, committed 26752K, reserved 1114112K
  class space    used 3502K, committed 3712K, reserved 1048576K
}
Event: 1.392 GC heap after
{Heap after GC invocations=5 (full 0):
 garbage-first heap   total 55296K, used 16383K [0x00000000e0000000, 0x0000000100000000)
  region size 1024K, 3 young (3072K), 3 survivors (3072K)
 Metaspace       used 26331K, committed 26752K, reserved 1114112K
  class space    used 3502K, committed 3712K, reserved 1048576K
}
Event: 1.660 GC heap before
{Heap before GC invocations=5 (full 0):
 garbage-first heap   total 55296K, used 40959K [0x00000000e0000000, 0x0000000100000000)
  region size 1024K, 27 young (27648K), 3 survivors (3072K)
 Metaspace       used 29765K, committed 30208K, reserved 1114112K
  class space    used 3964K, committed 4160K, reserved 1048576K
}
Event: 1.663 GC heap after
{Heap after GC invocations=6 (full 0):
 garbage-first heap   total 55296K, used 18102K [0x00000000e0000000, 0x0000000100000000)
  region size 1024K, 2 young (2048K), 2 survivors (2048K)
 Metaspace       used 29765K, committed 30208K, reserved 1114112K
  class space    used 3964K, committed 4160K, reserved 1048576K
}
Event: 2.062 GC heap before
{Heap before GC invocations=6 (full 0):
 garbage-first heap   total 55296K, used 43702K [0x00000000e0000000, 0x0000000100000000)
  region size 1024K, 27 young (27648K), 2 survivors (2048K)
 Metaspace       used 34026K, committed 34624K, reserved 1114112K
  class space    used 4577K, committed 4864K, reserved 1048576K
}
Event: 2.064 GC heap after
{Heap after GC invocations=7 (full 0):
 garbage-first heap   total 55296K, used 20423K [0x00000000e0000000, 0x0000000100000000)
  region size 1024K, 4 young (4096K), 4 survivors (4096K)
 Metaspace       used 34026K, committed 34624K, reserved 1114112K
  class space    used 4577K, committed 4864K, reserved 1048576K
}
Event: 2.126 GC heap before
{Heap before GC invocations=7 (full 0):
 garbage-first heap   total 55296K, used 23495K [0x00000000e0000000, 0x0000000100000000)
  region size 1024K, 9 young (9216K), 4 survivors (4096K)
 Metaspace       used 35599K, committed 36096K, reserved 1114112K
  class space    used 4736K, committed 4992K, reserved 1048576K
}
Event: 2.128 GC heap after
{Heap after GC invocations=8 (full 0):
 garbage-first heap   total 55296K, used 21831K [0x00000000e0000000, 0x0000000100000000)
  region size 1024K, 2 young (2048K), 2 survivors (2048K)
 Metaspace       used 35599K, committed 36096K, reserved 1114112K
  class space    used 4736K, committed 4992K, reserved 1048576K
}
Event: 2.454 GC heap before
{Heap before GC invocations=9 (full 0):
 garbage-first heap   total 55296K, used 43335K [0x00000000e0000000, 0x0000000100000000)
  region size 1024K, 24 young (24576K), 2 survivors (2048K)
 Metaspace       used 41976K, committed 42560K, reserved 1114112K
  class space    used 5586K, committed 5824K, reserved 1048576K
}
Event: 2.455 GC heap after
{Heap after GC invocations=10 (full 0):
 garbage-first heap   total 55296K, used 22434K [0x00000000e0000000, 0x0000000100000000)
  region size 1024K, 2 young (2048K), 2 survivors (2048K)
 Metaspace       used 41976K, committed 42560K, reserved 1114112K
  class space    used 5586K, committed 5824K, reserved 1048576K
}
Event: 2.753 GC heap before
{Heap before GC invocations=10 (full 0):
 garbage-first heap   total 55296K, used 45986K [0x00000000e0000000, 0x0000000100000000)
  region size 1024K, 25 young (25600K), 2 survivors (2048K)
 Metaspace       used 48179K, committed 48768K, reserved 1114112K
  class space    used 6501K, committed 6784K, reserved 1048576K
}
Event: 2.755 GC heap after
{Heap after GC invocations=11 (full 0):
 garbage-first heap   total 55296K, used 22783K [0x00000000e0000000, 0x0000000100000000)
  region size 1024K, 3 young (3072K), 3 survivors (3072K)
 Metaspace       used 48179K, committed 48768K, reserved 1114112K
  class space    used 6501K, committed 6784K, reserved 1048576K
}
Event: 3.077 GC heap before
{Heap before GC invocations=11 (full 0):
 garbage-first heap   total 55296K, used 47359K [0x00000000e0000000, 0x0000000100000000)
  region size 1024K, 27 young (27648K), 3 survivors (3072K)
 Metaspace       used 55546K, committed 56064K, reserved 1114112K
  class space    used 7706K, committed 7936K, reserved 1048576K
}
Event: 3.079 GC heap after
{Heap after GC invocations=12 (full 0):
 garbage-first heap   total 55296K, used 23872K [0x00000000e0000000, 0x0000000100000000)
  region size 1024K, 3 young (3072K), 3 survivors (3072K)
 Metaspace       used 55546K, committed 56064K, reserved 1114112K
  class space    used 7706K, committed 7936K, reserved 1048576K
}
Event: 3.313 GC heap before
{Heap before GC invocations=12 (full 0):
 garbage-first heap   total 55296K, used 40256K [0x00000000e0000000, 0x0000000100000000)
  region size 1024K, 21 young (21504K), 3 survivors (3072K)
 Metaspace       used 59836K, committed 60416K, reserved 1114112K
  class space    used 8249K, committed 8512K, reserved 1048576K
}
Event: 3.316 GC heap after
{Heap after GC invocations=13 (full 0):
 garbage-first heap   total 55296K, used 25373K [0x00000000e0000000, 0x0000000100000000)
  region size 1024K, 4 young (4096K), 4 survivors (4096K)
 Metaspace       used 59836K, committed 60416K, reserved 1114112K
  class space    used 8249K, committed 8512K, reserved 1048576K
}
Event: 3.581 GC heap before
{Heap before GC invocations=14 (full 0):
 garbage-first heap   total 55296K, used 45853K [0x00000000e0000000, 0x0000000100000000)
  region size 1024K, 24 young (24576K), 4 survivors (4096K)
 Metaspace       used 61993K, committed 62592K, reserved 1114112K
  class space    used 8653K, committed 8896K, reserved 1048576K
}
Event: 3.584 GC heap after
{Heap after GC invocations=15 (full 0):
 garbage-first heap   total 55296K, used 27053K [0x00000000e0000000, 0x0000000100000000)
  region size 1024K, 3 young (3072K), 3 survivors (3072K)
 Metaspace       used 61993K, committed 62592K, reserved 1114112K
  class space    used 8653K, committed 8896K, reserved 1048576K
}
Event: 3.863 GC heap before
{Heap before GC invocations=15 (full 0):
 garbage-first heap   total 55296K, used 47533K [0x00000000e0000000, 0x0000000100000000)
  region size 1024K, 23 young (23552K), 3 survivors (3072K)
 Metaspace       used 64818K, committed 65536K, reserved 1114112K
  class space    used 9049K, committed 9344K, reserved 1048576K
}
Event: 3.866 GC heap after
{Heap after GC invocations=16 (full 0):
 garbage-first heap   total 55296K, used 28892K [0x00000000e0000000, 0x0000000100000000)
  region size 1024K, 3 young (3072K), 3 survivors (3072K)
 Metaspace       used 64818K, committed 65536K, reserved 1114112K
  class space    used 9049K, committed 9344K, reserved 1048576K
}

