# JRE version: OpenJDK Runtime Environment (21.0.1+12) (build 21.0.1+12-29)
# Java VM: OpenJDK 64-Bit Server VM (21.0.1+12-29, mixed mode, sharing, tiered, compressed oops, compressed class ptrs, g1 gc, windows-amd64)
GC Precious Log:
 CardTable entry size: 512
 Card Set container configuration: InlinePtr #cards 5 size 8 Array Of Cards #cards 12 size 40 Howl #buckets 4 coarsen threshold 1843 Howl Bitmap #cards 512 size 80 coarsen threshold 460 Card regions per heap region 1 cards per card region 2048
 CPUs: 12 total, 12 available
 Memory: 16194M
 Large Page Support: Disabled
 NUMA Support: Disabled
 Compressed Oops: Enabled (32-bit)
 Heap Region Size: 1M
 Heap Min Capacity: 8M
 Heap Initial Capacity: 254M
 Heap Max Capacity: 512M
 Pre-touch: Disabled
 Parallel Workers: 10
 Concurrent Workers: 3
 Concurrent Refinement Workers: 10
 Periodic GC: Disabled
Heap:
 garbage-first heap   total 58368K, used 46692K [0x00000000e0000000, 0x0000000100000000)
  region size 1024K, 23 young (23552K), 4 survivors (4096K)
 Metaspace       used 65174K, committed 65856K, reserved 1114112K
  class space    used 9112K, committed 9408K, reserved 1048576K
GC Heap History (20 events):
Event: 1.221 GC heap before
{Heap before GC invocations=2 (full 0):
 garbage-first heap   total 260096K, used 49683K [0x00000000e0000000, 0x0000000100000000)
  region size 1024K, 42 young (43008K), 3 survivors (3072K)
 Metaspace       used 21138K, committed 21504K, reserved 1114112K
  class space    used 2947K, committed 3136K, reserved 1048576K
}
Event: 1.224 GC heap after
{Heap after GC invocations=3 (full 0):
 garbage-first heap   total 260096K, used 14509K [0x00000000e0000000, 0x0000000100000000)
  region size 1024K, 5 young (5120K), 5 survivors (5120K)
 Metaspace       used 21138K, committed 21504K, reserved 1114112K
  class space    used 2947K, committed 3136K, reserved 1048576K
}
Event: 1.396 GC heap before
{Heap before GC invocations=4 (full 0):
 garbage-first heap   total 58368K, used 43181K [0x00000000e0000000, 0x0000000100000000)
  region size 1024K, 34 young (34816K), 5 survivors (5120K)
 Metaspace       used 26374K, committed 26752K, reserved 1114112K
  class space    used 3511K, committed 3712K, reserved 1048576K
}
Event: 1.399 GC heap after
{Heap after GC invocations=5 (full 0):
 garbage-first heap   total 58368K, used 16946K [0x00000000e0000000, 0x0000000100000000)
  region size 1024K, 3 young (3072K), 3 survivors (3072K)
 Metaspace       used 26374K, committed 26752K, reserved 1114112K
  class space    used 3511K, committed 3712K, reserved 1048576K
}
Event: 1.681 GC heap before
{Heap before GC invocations=5 (full 0):
 garbage-first heap   total 58368K, used 42546K [0x00000000e0000000, 0x0000000100000000)
  region size 1024K, 29 young (29696K), 3 survivors (3072K)
 Metaspace       used 30028K, committed 30464K, reserved 1114112K
  class space    used 4020K, committed 4224K, reserved 1048576K
}
Event: 1.683 GC heap after
{Heap after GC invocations=6 (full 0):
 garbage-first heap   total 58368K, used 18929K [0x00000000e0000000, 0x0000000100000000)
  region size 1024K, 3 young (3072K), 3 survivors (3072K)
 Metaspace       used 30028K, committed 30464K, reserved 1114112K
  class space    used 4020K, committed 4224K, reserved 1048576K
}
Event: 2.067 GC heap before
{Heap before GC invocations=6 (full 0):
 garbage-first heap   total 58368K, used 44529K [0x00000000e0000000, 0x0000000100000000)
  region size 1024K, 29 young (29696K), 3 survivors (3072K)
 Metaspace       used 35038K, committed 35584K, reserved 1114112K
  class space    used 4677K, committed 4928K, reserved 1048576K
}
Event: 2.069 GC heap after
{Heap after GC invocations=7 (full 0):
 garbage-first heap   total 58368K, used 21199K [0x00000000e0000000, 0x0000000100000000)
  region size 1024K, 4 young (4096K), 4 survivors (4096K)
 Metaspace       used 35038K, committed 35584K, reserved 1114112K
  class space    used 4677K, committed 4928K, reserved 1048576K
}
Event: 2.089 GC heap before
{Heap before GC invocations=7 (full 0):
 garbage-first heap   total 58368K, used 22223K [0x00000000e0000000, 0x0000000100000000)
  region size 1024K, 6 young (6144K), 4 survivors (4096K)
 Metaspace       used 35589K, committed 36096K, reserved 1114112K
  class space    used 4739K, committed 4992K, reserved 1048576K
}
Event: 2.091 GC heap after
{Heap after GC invocations=8 (full 0):
 garbage-first heap   total 58368K, used 22273K [0x00000000e0000000, 0x0000000100000000)
  region size 1024K, 1 young (1024K), 1 survivors (1024K)
 Metaspace       used 35589K, committed 36096K, reserved 1114112K
  class space    used 4739K, committed 4992K, reserved 1048576K
}
Event: 2.441 GC heap before
{Heap before GC invocations=9 (full 0):
 garbage-first heap   total 58368K, used 43777K [0x00000000e0000000, 0x0000000100000000)
  region size 1024K, 23 young (23552K), 1 survivors (1024K)
 Metaspace       used 41860K, committed 42368K, reserved 1114112K
  class space    used 5579K, committed 5824K, reserved 1048576K
}
Event: 2.442 GC heap after
{Heap after GC invocations=10 (full 0):
 garbage-first heap   total 58368K, used 22871K [0x00000000e0000000, 0x0000000100000000)
  region size 1024K, 2 young (2048K), 2 survivors (2048K)
 Metaspace       used 41860K, committed 42368K, reserved 1114112K
  class space    used 5579K, committed 5824K, reserved 1048576K
}
Event: 2.742 GC heap before
{Heap before GC invocations=10 (full 0):
 garbage-first heap   total 58368K, used 46423K [0x00000000e0000000, 0x0000000100000000)
  region size 1024K, 25 young (25600K), 2 survivors (2048K)
 Metaspace       used 48093K, committed 48640K, reserved 1114112K
  class space    used 6497K, committed 6784K, reserved 1048576K
}
Event: 2.743 GC heap after
{Heap after GC invocations=11 (full 0):
 garbage-first heap   total 58368K, used 23775K [0x00000000e0000000, 0x0000000100000000)
  region size 1024K, 3 young (3072K), 3 survivors (3072K)
 Metaspace       used 48093K, committed 48640K, reserved 1114112K
  class space    used 6497K, committed 6784K, reserved 1048576K
}
Event: 3.094 GC heap before
{Heap before GC invocations=11 (full 0):
 garbage-first heap   total 58368K, used 47327K [0x00000000e0000000, 0x0000000100000000)
  region size 1024K, 27 young (27648K), 3 survivors (3072K)
 Metaspace       used 55471K, committed 56000K, reserved 1114112K
  class space    used 7702K, committed 7936K, reserved 1048576K
}
Event: 3.096 GC heap after
{Heap after GC invocations=12 (full 0):
 garbage-first heap   total 58368K, used 24566K [0x00000000e0000000, 0x0000000100000000)
  region size 1024K, 3 young (3072K), 3 survivors (3072K)
 Metaspace       used 55471K, committed 56000K, reserved 1114112K
  class space    used 7702K, committed 7936K, reserved 1048576K
}
Event: 3.330 GC heap before
{Heap before GC invocations=12 (full 0):
 garbage-first heap   total 58368K, used 41974K [0x00000000e0000000, 0x0000000100000000)
  region size 1024K, 22 young (22528K), 3 survivors (3072K)
 Metaspace       used 59823K, committed 60416K, reserved 1114112K
  class space    used 8253K, committed 8512K, reserved 1048576K
}
Event: 3.333 GC heap after
{Heap after GC invocations=13 (full 0):
 garbage-first heap   total 58368K, used 25958K [0x00000000e0000000, 0x0000000100000000)
  region size 1024K, 4 young (4096K), 4 survivors (4096K)
 Metaspace       used 59823K, committed 60416K, reserved 1114112K
  class space    used 8253K, committed 8512K, reserved 1048576K
}
Event: 3.631 GC heap before
{Heap before GC invocations=14 (full 0):
 garbage-first heap   total 58368K, used 49510K [0x00000000e0000000, 0x0000000100000000)
  region size 1024K, 27 young (27648K), 4 survivors (4096K)
 Metaspace       used 62288K, committed 62912K, reserved 1114112K
  class space    used 8692K, committed 8960K, reserved 1048576K
}
Event: 3.633 GC heap after
{Heap after GC invocations=15 (full 0):
 garbage-first heap   total 58368K, used 28260K [0x00000000e0000000, 0x0000000100000000)
  region size 1024K, 4 young (4096K), 4 survivors (4096K)
 Metaspace       used 62288K, committed 62912K, reserved 1114112K
  class space    used 8692K, committed 8960K, reserved 1048576K
}

